<?xml version="1.0" encoding="UTF-8"?>
<!-- Generated by org.testng.reporters.JUnitReportReporter -->
<testsuite hostname="EGLT-WIN332" failures="0" tests="1" name="org.example.testRunner.runners" time="11.041" errors="0" timestamp="2022-11-11T16:10:09 EET" skipped="0">
  <testcase classname="org.example.testRunner.runners" name="runScenario" time="11.041"/>
  <system-out/>
</testsuite> <!-- org.example.testRunner.runners -->
